<?xml version="1.0" encoding="UTF-8"?>
<testng-results ignored="0" total="1" passed="1" failed="0" skipped="0">
  <reporter-output>
  </reporter-output>
  <suite started-at="2024-08-04T01:02:45 IST" name="Default suite" finished-at="2024-08-04T01:02:55 IST" duration-ms="10121">
    <groups>
    </groups>
    <test started-at="2024-08-04T01:02:45 IST" name="Default test" finished-at="2024-08-04T01:02:55 IST" duration-ms="10121">
      <class name="script.HomeScript">
        <test-method is-config="true" signature="initializeWebDriver()[pri:0, instance:script.HomeScript@909217e]" started-at="2024-08-04T01:02:45 IST" name="initializeWebDriver" finished-at="2024-08-04T01:02:52 IST" duration-ms="6930" status="PASS">
          <reporter-output>
          </reporter-output>
        </test-method> <!-- initializeWebDriver -->
        <test-method signature="dragSlider()[pri:1, instance:script.HomeScript@909217e]" started-at="2024-08-04T01:02:52 IST" name="dragSlider" finished-at="2024-08-04T01:02:55 IST" duration-ms="2829" status="PASS">
          <reporter-output>
          </reporter-output>
        </test-method> <!-- dragSlider -->
        <test-method is-config="true" signature="tearDown()[pri:0, instance:script.HomeScript@909217e]" started-at="2024-08-04T01:02:55 IST" name="tearDown" finished-at="2024-08-04T01:02:55 IST" duration-ms="284" status="PASS">
          <reporter-output>
          </reporter-output>
        </test-method> <!-- tearDown -->
      </class> <!-- script.HomeScript -->
    </test> <!-- Default test -->
  </suite> <!-- Default suite -->
</testng-results>
