<?xml version="1.0" encoding="UTF-8"?>
<!-- Generated by org.testng.reporters.JUnitXMLReporter -->
<testsuite ignored="3" hostname="DESKTOP-JCLJIG3" failures="0" tests="1" name="Default test" time="10.121" errors="0" timestamp="2024-08-04T01:02:55 IST">
  <testcase classname="script.HomeScript" name="dragSlider" time="2.829"/>
  <testcase classname="script.HomeScript" name="claculateTotalRecurringReimbursement" time="0.0">
    <ignored/>
  </testcase> <!-- claculateTotalRecurringReimbursement -->
  <testcase classname="script.HomeScript" name="giveSliderInput" time="0.0">
    <ignored/>
  </testcase> <!-- giveSliderInput -->
  <testcase classname="script.HomeScript" name="revenueCalculatorPage" time="0.0">
    <ignored/>
  </testcase> <!-- revenueCalculatorPage -->
</testsuite> <!-- Default test -->
